  [1m[36mActiveRecord::SchemaMigration Load (0.3ms)[0m  [1mSELECT "schema_migrations".* FROM "schema_migrations"[0m


Started GET "/" for 127.0.0.1 at 2014-11-17 11:50:12 -0700
Processing by Rails::WelcomeController#index as HTML
  Rendered /Users/viki/.rvm/gems/ruby-2.1.2/gems/railties-4.1.7/lib/rails/templates/rails/welcome/index.html.erb (1.8ms)
Completed 200 OK in 17ms (Views: 8.0ms | ActiveRecord: 0.0ms)
  [1m[36mActiveRecord::SchemaMigration Load (0.5ms)[0m  [1mSELECT "schema_migrations".* FROM "schema_migrations"[0m
Migrating to CreateItems (20141117233334)
  [1m[35m (6.2ms)[0m  BEGIN
  [1m[36m (28.1ms)[0m  [1mCREATE TABLE "items" ("id" serial primary key, "title" character varying(255), "description" text, "price" decimal, "created_at" timestamp, "updated_at" timestamp) [0m
  [1m[35mSQL (6.1ms)[0m  INSERT INTO "schema_migrations" ("version") VALUES ($1)  [["version", "20141117233334"]]
  [1m[36m (6.0ms)[0m  [1mCOMMIT[0m
  [1m[35mActiveRecord::SchemaMigration Load (0.3ms)[0m  SELECT "schema_migrations".* FROM "schema_migrations"
  [1m[36mActiveRecord::SchemaMigration Load (0.8ms)[0m  [1mSELECT "schema_migrations".* FROM "schema_migrations"[0m
Migrating to CreateCategories (20141118001938)
  [1m[35m (0.1ms)[0m  BEGIN
  [1m[36m (22.0ms)[0m  [1mCREATE TABLE "categories" ("id" serial primary key, "name" character varying(255), "created_at" timestamp, "updated_at" timestamp) [0m
  [1m[35mSQL (0.2ms)[0m  INSERT INTO "schema_migrations" ("version") VALUES ($1)  [["version", "20141118001938"]]
  [1m[36m (13.0ms)[0m  [1mCOMMIT[0m
  [1m[35mActiveRecord::SchemaMigration Load (0.9ms)[0m  SELECT "schema_migrations".* FROM "schema_migrations"
  [1m[36m (0.2ms)[0m  [1mBEGIN[0m
  [1m[35m (0.3ms)[0m  ROLLBACK
  [1m[36mItem Load (8.2ms)[0m  [1mSELECT "items".* FROM "items"[0m
  [1m[36mActiveRecord::SchemaMigration Load (0.3ms)[0m  [1mSELECT "schema_migrations".* FROM "schema_migrations"[0m
Migrating to ItemCategories (20141118004244)
  [1m[35m (0.1ms)[0m  BEGIN
  [1m[36m (21.0ms)[0m  [1mCREATE TABLE "item_categories" ("id" serial primary key, "item_id" integer, "categories" integer) [0m
  [1m[35mSQL (0.3ms)[0m  INSERT INTO "schema_migrations" ("version") VALUES ($1)  [["version", "20141118004244"]]
  [1m[36m (6.4ms)[0m  [1mCOMMIT[0m
  [1m[35mActiveRecord::SchemaMigration Load (0.2ms)[0m  SELECT "schema_migrations".* FROM "schema_migrations"
  [1m[36mActiveRecord::SchemaMigration Load (0.3ms)[0m  [1mSELECT "schema_migrations".* FROM "schema_migrations"[0m
  [1m[35mActiveRecord::SchemaMigration Load (0.3ms)[0m  SELECT "schema_migrations".* FROM "schema_migrations"
  [1m[36mActiveRecord::SchemaMigration Load (2.6ms)[0m  [1mSELECT "schema_migrations".* FROM "schema_migrations"[0m
  [1m[35mActiveRecord::SchemaMigration Load (0.2ms)[0m  SELECT "schema_migrations".* FROM "schema_migrations"
  [1m[36mActiveRecord::SchemaMigration Load (0.3ms)[0m  [1mSELECT "schema_migrations".* FROM "schema_migrations"[0m
  [1m[35mActiveRecord::SchemaMigration Load (0.1ms)[0m  SELECT "schema_migrations".* FROM "schema_migrations"
  [1m[36mActiveRecord::SchemaMigration Load (0.3ms)[0m  [1mSELECT "schema_migrations".* FROM "schema_migrations"[0m
  [1m[35mActiveRecord::SchemaMigration Load (0.1ms)[0m  SELECT "schema_migrations".* FROM "schema_migrations"
Migrating to ItemCategories (20141118004244)
  [1m[36m (0.1ms)[0m  [1mBEGIN[0m
  [1m[35m (19.3ms)[0m  DROP TABLE "item_categories"
  [1m[36mSQL (23.9ms)[0m  [1mDELETE FROM "schema_migrations" WHERE "schema_migrations"."version" = '20141118004244'[0m
  [1m[35m (1.5ms)[0m  COMMIT
  [1m[36mActiveRecord::SchemaMigration Load (0.2ms)[0m  [1mSELECT "schema_migrations".* FROM "schema_migrations"[0m
  [1m[36mActiveRecord::SchemaMigration Load (0.3ms)[0m  [1mSELECT "schema_migrations".* FROM "schema_migrations"[0m
Migrating to ItemCategories (20141118004244)
  [1m[35m (0.1ms)[0m  BEGIN
  [1m[36m (14.3ms)[0m  [1mCREATE TABLE "item_categories" ("id" serial primary key, "item_id" integer, "category_id" integer) [0m
  [1m[35mSQL (0.2ms)[0m  INSERT INTO "schema_migrations" ("version") VALUES ($1)  [["version", "20141118004244"]]
  [1m[36m (0.6ms)[0m  [1mCOMMIT[0m
  [1m[35mActiveRecord::SchemaMigration Load (0.2ms)[0m  SELECT "schema_migrations".* FROM "schema_migrations"
  [1m[36mItemCategory Load (0.6ms)[0m  [1mSELECT "item_categories".* FROM "item_categories"[0m
  [1m[35mCategory Load (8.3ms)[0m  SELECT "categories".* FROM "categories"
  [1m[36m (141.8ms)[0m  [1mDROP DATABASE IF EXISTS "dinner_dash_development"[0m
  [1m[35m (124.0ms)[0m  DROP DATABASE IF EXISTS "dinner_dash_test"
  [1m[36m (465.6ms)[0m  [1mCREATE DATABASE "dinner_dash_development" ENCODING = 'unicode'[0m
  [1m[35m (254.9ms)[0m  CREATE DATABASE "dinner_dash_test" ENCODING = 'unicode'
  [1m[36mSQL (0.4ms)[0m  [1mCREATE EXTENSION IF NOT EXISTS "plpgsql"[0m
  [1m[35m (6.1ms)[0m  CREATE TABLE "categories" ("id" serial primary key, "name" character varying(255), "created_at" timestamp, "updated_at" timestamp) 
  [1m[36m (2.4ms)[0m  [1mCREATE TABLE "item_categories" ("id" serial primary key, "item_id" integer, "category_id" integer) [0m
  [1m[35m (3.0ms)[0m  CREATE TABLE "items" ("id" serial primary key, "title" character varying(255), "description" text, "price" decimal, "created_at" timestamp, "updated_at" timestamp) 
  [1m[36m (0.8ms)[0m  [1mCREATE TABLE "schema_migrations" ("version" character varying(255) NOT NULL) [0m
  [1m[35m (1.1ms)[0m  CREATE UNIQUE INDEX  "unique_schema_migrations" ON "schema_migrations"  ("version")
  [1m[36m (0.4ms)[0m  [1mSELECT version FROM "schema_migrations"[0m
  [1m[35m (0.6ms)[0m  INSERT INTO "schema_migrations" (version) VALUES ('20141118004244')
  [1m[36m (0.5ms)[0m  [1mINSERT INTO "schema_migrations" (version) VALUES ('20141117233334')[0m
  [1m[35m (0.3ms)[0m  INSERT INTO "schema_migrations" (version) VALUES ('20141118001938')
  [1m[36mActiveRecord::SchemaMigration Load (0.2ms)[0m  [1mSELECT "schema_migrations".* FROM "schema_migrations"[0m


Started GET "/" for 127.0.0.1 at 2014-11-18 13:41:46 -0700
  [1m[36mActiveRecord::SchemaMigration Load (0.9ms)[0m  [1mSELECT "schema_migrations".* FROM "schema_migrations"[0m
Processing by Rails::WelcomeController#index as HTML
  Rendered /Users/viki/.rvm/gems/ruby-2.1.2/gems/railties-4.1.7/lib/rails/templates/rails/welcome/index.html.erb (2.1ms)
Completed 200 OK in 22ms (Views: 11.2ms | ActiveRecord: 0.0ms)


Started GET "/" for 127.0.0.1 at 2014-11-18 13:41:49 -0700
Processing by Rails::WelcomeController#index as HTML
  Rendered /Users/viki/.rvm/gems/ruby-2.1.2/gems/railties-4.1.7/lib/rails/templates/rails/welcome/index.html.erb (0.0ms)
Completed 200 OK in 1ms (Views: 0.9ms | ActiveRecord: 0.0ms)


Started GET "/items" for 127.0.0.1 at 2014-11-18 13:41:50 -0700
Processing by ItemsController#index as HTML
  Rendered items/index.html.erb within layouts/application (0.6ms)
Completed 200 OK in 429ms (Views: 428.8ms | ActiveRecord: 0.0ms)


Started GET "/assets/application.css?body=1" for 127.0.0.1 at 2014-11-18 13:41:50 -0700


Started GET "/assets/items.js?body=1" for 127.0.0.1 at 2014-11-18 13:41:50 -0700


Started GET "/assets/items.css?body=1" for 127.0.0.1 at 2014-11-18 13:41:50 -0700


Started GET "/assets/jquery.js?body=1" for 127.0.0.1 at 2014-11-18 13:41:50 -0700


Started GET "/assets/turbolinks.js?body=1" for 127.0.0.1 at 2014-11-18 13:41:50 -0700


Started GET "/assets/application.js?body=1" for 127.0.0.1 at 2014-11-18 13:41:50 -0700


Started GET "/assets/jquery_ujs.js?body=1" for 127.0.0.1 at 2014-11-18 13:41:50 -0700
